Created by PLY version 3.11 (http://www.dabeaz.com/ply)

Unused terminals:

    AND
    OR

Grammar

Rule 0     S' -> statement
Rule 1     statement -> NAME = expression
Rule 2     statement -> expression
Rule 3     expression -> expression + expression
Rule 4     expression -> expression - expression
Rule 5     expression -> expression * expression
Rule 6     expression -> expression / expression
Rule 7     expression -> expression GT expression
Rule 8     expression -> expression LT expression
Rule 9     expression -> expression GTE expression
Rule 10    expression -> expression LTE expression
Rule 11    expression -> expression EQ expression
Rule 12    expression -> expression NEQ expression
Rule 13    expression -> expression & expression
Rule 14    expression -> expression | expression
Rule 15    expression -> - expression
Rule 16    expression -> ( expression )
Rule 17    expression -> NUMBER
Rule 18    expression -> NAME

Terminals, with rules where they appear

&                    : 13
(                    : 16
)                    : 16
*                    : 5
+                    : 3
-                    : 4 15
/                    : 6
=                    : 1
AND                  : 
EQ                   : 11
GT                   : 7
GTE                  : 9
LT                   : 8
LTE                  : 10
NAME                 : 1 18
NEQ                  : 12
NUMBER               : 17
OR                   : 
error                : 
|                    : 14

Nonterminals, with rules where they appear

expression           : 1 2 3 3 4 4 5 5 6 6 7 7 8 8 9 9 10 10 11 11 12 12 13 13 14 14 15 16
statement            : 0

Parsing method: LALR

state 0

    (0) S' -> . statement
    (1) statement -> . NAME = expression
    (2) statement -> . expression
    (3) expression -> . expression + expression
    (4) expression -> . expression - expression
    (5) expression -> . expression * expression
    (6) expression -> . expression / expression
    (7) expression -> . expression GT expression
    (8) expression -> . expression LT expression
    (9) expression -> . expression GTE expression
    (10) expression -> . expression LTE expression
    (11) expression -> . expression EQ expression
    (12) expression -> . expression NEQ expression
    (13) expression -> . expression & expression
    (14) expression -> . expression | expression
    (15) expression -> . - expression
    (16) expression -> . ( expression )
    (17) expression -> . NUMBER
    (18) expression -> . NAME

    NAME            shift and go to state 2
    -               shift and go to state 4
    (               shift and go to state 5
    NUMBER          shift and go to state 6

    statement                      shift and go to state 1
    expression                     shift and go to state 3

state 1

    (0) S' -> statement .



state 2

    (1) statement -> NAME . = expression
    (18) expression -> NAME .

    =               shift and go to state 7
    +               reduce using rule 18 (expression -> NAME .)
    -               reduce using rule 18 (expression -> NAME .)
    *               reduce using rule 18 (expression -> NAME .)
    /               reduce using rule 18 (expression -> NAME .)
    GT              reduce using rule 18 (expression -> NAME .)
    LT              reduce using rule 18 (expression -> NAME .)
    GTE             reduce using rule 18 (expression -> NAME .)
    LTE             reduce using rule 18 (expression -> NAME .)
    EQ              reduce using rule 18 (expression -> NAME .)
    NEQ             reduce using rule 18 (expression -> NAME .)
    &               reduce using rule 18 (expression -> NAME .)
    |               reduce using rule 18 (expression -> NAME .)
    $end            reduce using rule 18 (expression -> NAME .)


state 3

    (2) statement -> expression .
    (3) expression -> expression . + expression
    (4) expression -> expression . - expression
    (5) expression -> expression . * expression
    (6) expression -> expression . / expression
    (7) expression -> expression . GT expression
    (8) expression -> expression . LT expression
    (9) expression -> expression . GTE expression
    (10) expression -> expression . LTE expression
    (11) expression -> expression . EQ expression
    (12) expression -> expression . NEQ expression
    (13) expression -> expression . & expression
    (14) expression -> expression . | expression

    $end            reduce using rule 2 (statement -> expression .)
    +               shift and go to state 8
    -               shift and go to state 9
    *               shift and go to state 10
    /               shift and go to state 11
    GT              shift and go to state 12
    LT              shift and go to state 13
    GTE             shift and go to state 14
    LTE             shift and go to state 15
    EQ              shift and go to state 16
    NEQ             shift and go to state 17
    &               shift and go to state 18
    |               shift and go to state 19


state 4

    (15) expression -> - . expression
    (3) expression -> . expression + expression
    (4) expression -> . expression - expression
    (5) expression -> . expression * expression
    (6) expression -> . expression / expression
    (7) expression -> . expression GT expression
    (8) expression -> . expression LT expression
    (9) expression -> . expression GTE expression
    (10) expression -> . expression LTE expression
    (11) expression -> . expression EQ expression
    (12) expression -> . expression NEQ expression
    (13) expression -> . expression & expression
    (14) expression -> . expression | expression
    (15) expression -> . - expression
    (16) expression -> . ( expression )
    (17) expression -> . NUMBER
    (18) expression -> . NAME

    -               shift and go to state 4
    (               shift and go to state 5
    NUMBER          shift and go to state 6
    NAME            shift and go to state 21

    expression                     shift and go to state 20

state 5

    (16) expression -> ( . expression )
    (3) expression -> . expression + expression
    (4) expression -> . expression - expression
    (5) expression -> . expression * expression
    (6) expression -> . expression / expression
    (7) expression -> . expression GT expression
    (8) expression -> . expression LT expression
    (9) expression -> . expression GTE expression
    (10) expression -> . expression LTE expression
    (11) expression -> . expression EQ expression
    (12) expression -> . expression NEQ expression
    (13) expression -> . expression & expression
    (14) expression -> . expression | expression
    (15) expression -> . - expression
    (16) expression -> . ( expression )
    (17) expression -> . NUMBER
    (18) expression -> . NAME

    -               shift and go to state 4
    (               shift and go to state 5
    NUMBER          shift and go to state 6
    NAME            shift and go to state 21

    expression                     shift and go to state 22

state 6

    (17) expression -> NUMBER .

    +               reduce using rule 17 (expression -> NUMBER .)
    -               reduce using rule 17 (expression -> NUMBER .)
    *               reduce using rule 17 (expression -> NUMBER .)
    /               reduce using rule 17 (expression -> NUMBER .)
    GT              reduce using rule 17 (expression -> NUMBER .)
    LT              reduce using rule 17 (expression -> NUMBER .)
    GTE             reduce using rule 17 (expression -> NUMBER .)
    LTE             reduce using rule 17 (expression -> NUMBER .)
    EQ              reduce using rule 17 (expression -> NUMBER .)
    NEQ             reduce using rule 17 (expression -> NUMBER .)
    &               reduce using rule 17 (expression -> NUMBER .)
    |               reduce using rule 17 (expression -> NUMBER .)
    $end            reduce using rule 17 (expression -> NUMBER .)
    )               reduce using rule 17 (expression -> NUMBER .)


state 7

    (1) statement -> NAME = . expression
    (3) expression -> . expression + expression
    (4) expression -> . expression - expression
    (5) expression -> . expression * expression
    (6) expression -> . expression / expression
    (7) expression -> . expression GT expression
    (8) expression -> . expression LT expression
    (9) expression -> . expression GTE expression
    (10) expression -> . expression LTE expression
    (11) expression -> . expression EQ expression
    (12) expression -> . expression NEQ expression
    (13) expression -> . expression & expression
    (14) expression -> . expression | expression
    (15) expression -> . - expression
    (16) expression -> . ( expression )
    (17) expression -> . NUMBER
    (18) expression -> . NAME

    -               shift and go to state 4
    (               shift and go to state 5
    NUMBER          shift and go to state 6
    NAME            shift and go to state 21

    expression                     shift and go to state 23

state 8

    (3) expression -> expression + . expression
    (3) expression -> . expression + expression
    (4) expression -> . expression - expression
    (5) expression -> . expression * expression
    (6) expression -> . expression / expression
    (7) expression -> . expression GT expression
    (8) expression -> . expression LT expression
    (9) expression -> . expression GTE expression
    (10) expression -> . expression LTE expression
    (11) expression -> . expression EQ expression
    (12) expression -> . expression NEQ expression
    (13) expression -> . expression & expression
    (14) expression -> . expression | expression
    (15) expression -> . - expression
    (16) expression -> . ( expression )
    (17) expression -> . NUMBER
    (18) expression -> . NAME

    -               shift and go to state 4
    (               shift and go to state 5
    NUMBER          shift and go to state 6
    NAME            shift and go to state 21

    expression                     shift and go to state 24

state 9

    (4) expression -> expression - . expression
    (3) expression -> . expression + expression
    (4) expression -> . expression - expression
    (5) expression -> . expression * expression
    (6) expression -> . expression / expression
    (7) expression -> . expression GT expression
    (8) expression -> . expression LT expression
    (9) expression -> . expression GTE expression
    (10) expression -> . expression LTE expression
    (11) expression -> . expression EQ expression
    (12) expression -> . expression NEQ expression
    (13) expression -> . expression & expression
    (14) expression -> . expression | expression
    (15) expression -> . - expression
    (16) expression -> . ( expression )
    (17) expression -> . NUMBER
    (18) expression -> . NAME

    -               shift and go to state 4
    (               shift and go to state 5
    NUMBER          shift and go to state 6
    NAME            shift and go to state 21

    expression                     shift and go to state 25

state 10

    (5) expression -> expression * . expression
    (3) expression -> . expression + expression
    (4) expression -> . expression - expression
    (5) expression -> . expression * expression
    (6) expression -> . expression / expression
    (7) expression -> . expression GT expression
    (8) expression -> . expression LT expression
    (9) expression -> . expression GTE expression
    (10) expression -> . expression LTE expression
    (11) expression -> . expression EQ expression
    (12) expression -> . expression NEQ expression
    (13) expression -> . expression & expression
    (14) expression -> . expression | expression
    (15) expression -> . - expression
    (16) expression -> . ( expression )
    (17) expression -> . NUMBER
    (18) expression -> . NAME

    -               shift and go to state 4
    (               shift and go to state 5
    NUMBER          shift and go to state 6
    NAME            shift and go to state 21

    expression                     shift and go to state 26

state 11

    (6) expression -> expression / . expression
    (3) expression -> . expression + expression
    (4) expression -> . expression - expression
    (5) expression -> . expression * expression
    (6) expression -> . expression / expression
    (7) expression -> . expression GT expression
    (8) expression -> . expression LT expression
    (9) expression -> . expression GTE expression
    (10) expression -> . expression LTE expression
    (11) expression -> . expression EQ expression
    (12) expression -> . expression NEQ expression
    (13) expression -> . expression & expression
    (14) expression -> . expression | expression
    (15) expression -> . - expression
    (16) expression -> . ( expression )
    (17) expression -> . NUMBER
    (18) expression -> . NAME

    -               shift and go to state 4
    (               shift and go to state 5
    NUMBER          shift and go to state 6
    NAME            shift and go to state 21

    expression                     shift and go to state 27

state 12

    (7) expression -> expression GT . expression
    (3) expression -> . expression + expression
    (4) expression -> . expression - expression
    (5) expression -> . expression * expression
    (6) expression -> . expression / expression
    (7) expression -> . expression GT expression
    (8) expression -> . expression LT expression
    (9) expression -> . expression GTE expression
    (10) expression -> . expression LTE expression
    (11) expression -> . expression EQ expression
    (12) expression -> . expression NEQ expression
    (13) expression -> . expression & expression
    (14) expression -> . expression | expression
    (15) expression -> . - expression
    (16) expression -> . ( expression )
    (17) expression -> . NUMBER
    (18) expression -> . NAME

    -               shift and go to state 4
    (               shift and go to state 5
    NUMBER          shift and go to state 6
    NAME            shift and go to state 21

    expression                     shift and go to state 28

state 13

    (8) expression -> expression LT . expression
    (3) expression -> . expression + expression
    (4) expression -> . expression - expression
    (5) expression -> . expression * expression
    (6) expression -> . expression / expression
    (7) expression -> . expression GT expression
    (8) expression -> . expression LT expression
    (9) expression -> . expression GTE expression
    (10) expression -> . expression LTE expression
    (11) expression -> . expression EQ expression
    (12) expression -> . expression NEQ expression
    (13) expression -> . expression & expression
    (14) expression -> . expression | expression
    (15) expression -> . - expression
    (16) expression -> . ( expression )
    (17) expression -> . NUMBER
    (18) expression -> . NAME

    -               shift and go to state 4
    (               shift and go to state 5
    NUMBER          shift and go to state 6
    NAME            shift and go to state 21

    expression                     shift and go to state 29

state 14

    (9) expression -> expression GTE . expression
    (3) expression -> . expression + expression
    (4) expression -> . expression - expression
    (5) expression -> . expression * expression
    (6) expression -> . expression / expression
    (7) expression -> . expression GT expression
    (8) expression -> . expression LT expression
    (9) expression -> . expression GTE expression
    (10) expression -> . expression LTE expression
    (11) expression -> . expression EQ expression
    (12) expression -> . expression NEQ expression
    (13) expression -> . expression & expression
    (14) expression -> . expression | expression
    (15) expression -> . - expression
    (16) expression -> . ( expression )
    (17) expression -> . NUMBER
    (18) expression -> . NAME

    -               shift and go to state 4
    (               shift and go to state 5
    NUMBER          shift and go to state 6
    NAME            shift and go to state 21

    expression                     shift and go to state 30

state 15

    (10) expression -> expression LTE . expression
    (3) expression -> . expression + expression
    (4) expression -> . expression - expression
    (5) expression -> . expression * expression
    (6) expression -> . expression / expression
    (7) expression -> . expression GT expression
    (8) expression -> . expression LT expression
    (9) expression -> . expression GTE expression
    (10) expression -> . expression LTE expression
    (11) expression -> . expression EQ expression
    (12) expression -> . expression NEQ expression
    (13) expression -> . expression & expression
    (14) expression -> . expression | expression
    (15) expression -> . - expression
    (16) expression -> . ( expression )
    (17) expression -> . NUMBER
    (18) expression -> . NAME

    -               shift and go to state 4
    (               shift and go to state 5
    NUMBER          shift and go to state 6
    NAME            shift and go to state 21

    expression                     shift and go to state 31

state 16

    (11) expression -> expression EQ . expression
    (3) expression -> . expression + expression
    (4) expression -> . expression - expression
    (5) expression -> . expression * expression
    (6) expression -> . expression / expression
    (7) expression -> . expression GT expression
    (8) expression -> . expression LT expression
    (9) expression -> . expression GTE expression
    (10) expression -> . expression LTE expression
    (11) expression -> . expression EQ expression
    (12) expression -> . expression NEQ expression
    (13) expression -> . expression & expression
    (14) expression -> . expression | expression
    (15) expression -> . - expression
    (16) expression -> . ( expression )
    (17) expression -> . NUMBER
    (18) expression -> . NAME

    -               shift and go to state 4
    (               shift and go to state 5
    NUMBER          shift and go to state 6
    NAME            shift and go to state 21

    expression                     shift and go to state 32

state 17

    (12) expression -> expression NEQ . expression
    (3) expression -> . expression + expression
    (4) expression -> . expression - expression
    (5) expression -> . expression * expression
    (6) expression -> . expression / expression
    (7) expression -> . expression GT expression
    (8) expression -> . expression LT expression
    (9) expression -> . expression GTE expression
    (10) expression -> . expression LTE expression
    (11) expression -> . expression EQ expression
    (12) expression -> . expression NEQ expression
    (13) expression -> . expression & expression
    (14) expression -> . expression | expression
    (15) expression -> . - expression
    (16) expression -> . ( expression )
    (17) expression -> . NUMBER
    (18) expression -> . NAME

    -               shift and go to state 4
    (               shift and go to state 5
    NUMBER          shift and go to state 6
    NAME            shift and go to state 21

    expression                     shift and go to state 33

state 18

    (13) expression -> expression & . expression
    (3) expression -> . expression + expression
    (4) expression -> . expression - expression
    (5) expression -> . expression * expression
    (6) expression -> . expression / expression
    (7) expression -> . expression GT expression
    (8) expression -> . expression LT expression
    (9) expression -> . expression GTE expression
    (10) expression -> . expression LTE expression
    (11) expression -> . expression EQ expression
    (12) expression -> . expression NEQ expression
    (13) expression -> . expression & expression
    (14) expression -> . expression | expression
    (15) expression -> . - expression
    (16) expression -> . ( expression )
    (17) expression -> . NUMBER
    (18) expression -> . NAME

    -               shift and go to state 4
    (               shift and go to state 5
    NUMBER          shift and go to state 6
    NAME            shift and go to state 21

    expression                     shift and go to state 34

state 19

    (14) expression -> expression | . expression
    (3) expression -> . expression + expression
    (4) expression -> . expression - expression
    (5) expression -> . expression * expression
    (6) expression -> . expression / expression
    (7) expression -> . expression GT expression
    (8) expression -> . expression LT expression
    (9) expression -> . expression GTE expression
    (10) expression -> . expression LTE expression
    (11) expression -> . expression EQ expression
    (12) expression -> . expression NEQ expression
    (13) expression -> . expression & expression
    (14) expression -> . expression | expression
    (15) expression -> . - expression
    (16) expression -> . ( expression )
    (17) expression -> . NUMBER
    (18) expression -> . NAME

    -               shift and go to state 4
    (               shift and go to state 5
    NUMBER          shift and go to state 6
    NAME            shift and go to state 21

    expression                     shift and go to state 35

state 20

    (15) expression -> - expression .
    (3) expression -> expression . + expression
    (4) expression -> expression . - expression
    (5) expression -> expression . * expression
    (6) expression -> expression . / expression
    (7) expression -> expression . GT expression
    (8) expression -> expression . LT expression
    (9) expression -> expression . GTE expression
    (10) expression -> expression . LTE expression
    (11) expression -> expression . EQ expression
    (12) expression -> expression . NEQ expression
    (13) expression -> expression . & expression
    (14) expression -> expression . | expression

    +               reduce using rule 15 (expression -> - expression .)
    -               reduce using rule 15 (expression -> - expression .)
    *               reduce using rule 15 (expression -> - expression .)
    /               reduce using rule 15 (expression -> - expression .)
    GT              reduce using rule 15 (expression -> - expression .)
    LT              reduce using rule 15 (expression -> - expression .)
    GTE             reduce using rule 15 (expression -> - expression .)
    LTE             reduce using rule 15 (expression -> - expression .)
    EQ              reduce using rule 15 (expression -> - expression .)
    NEQ             reduce using rule 15 (expression -> - expression .)
    &               reduce using rule 15 (expression -> - expression .)
    |               reduce using rule 15 (expression -> - expression .)
    $end            reduce using rule 15 (expression -> - expression .)
    )               reduce using rule 15 (expression -> - expression .)

  ! +               [ shift and go to state 8 ]
  ! -               [ shift and go to state 9 ]
  ! *               [ shift and go to state 10 ]
  ! /               [ shift and go to state 11 ]
  ! GT              [ shift and go to state 12 ]
  ! LT              [ shift and go to state 13 ]
  ! GTE             [ shift and go to state 14 ]
  ! LTE             [ shift and go to state 15 ]
  ! EQ              [ shift and go to state 16 ]
  ! NEQ             [ shift and go to state 17 ]
  ! &               [ shift and go to state 18 ]
  ! |               [ shift and go to state 19 ]


state 21

    (18) expression -> NAME .

    +               reduce using rule 18 (expression -> NAME .)
    -               reduce using rule 18 (expression -> NAME .)
    *               reduce using rule 18 (expression -> NAME .)
    /               reduce using rule 18 (expression -> NAME .)
    GT              reduce using rule 18 (expression -> NAME .)
    LT              reduce using rule 18 (expression -> NAME .)
    GTE             reduce using rule 18 (expression -> NAME .)
    LTE             reduce using rule 18 (expression -> NAME .)
    EQ              reduce using rule 18 (expression -> NAME .)
    NEQ             reduce using rule 18 (expression -> NAME .)
    &               reduce using rule 18 (expression -> NAME .)
    |               reduce using rule 18 (expression -> NAME .)
    $end            reduce using rule 18 (expression -> NAME .)
    )               reduce using rule 18 (expression -> NAME .)


state 22

    (16) expression -> ( expression . )
    (3) expression -> expression . + expression
    (4) expression -> expression . - expression
    (5) expression -> expression . * expression
    (6) expression -> expression . / expression
    (7) expression -> expression . GT expression
    (8) expression -> expression . LT expression
    (9) expression -> expression . GTE expression
    (10) expression -> expression . LTE expression
    (11) expression -> expression . EQ expression
    (12) expression -> expression . NEQ expression
    (13) expression -> expression . & expression
    (14) expression -> expression . | expression

    )               shift and go to state 36
    +               shift and go to state 8
    -               shift and go to state 9
    *               shift and go to state 10
    /               shift and go to state 11
    GT              shift and go to state 12
    LT              shift and go to state 13
    GTE             shift and go to state 14
    LTE             shift and go to state 15
    EQ              shift and go to state 16
    NEQ             shift and go to state 17
    &               shift and go to state 18
    |               shift and go to state 19


state 23

    (1) statement -> NAME = expression .
    (3) expression -> expression . + expression
    (4) expression -> expression . - expression
    (5) expression -> expression . * expression
    (6) expression -> expression . / expression
    (7) expression -> expression . GT expression
    (8) expression -> expression . LT expression
    (9) expression -> expression . GTE expression
    (10) expression -> expression . LTE expression
    (11) expression -> expression . EQ expression
    (12) expression -> expression . NEQ expression
    (13) expression -> expression . & expression
    (14) expression -> expression . | expression

    $end            reduce using rule 1 (statement -> NAME = expression .)
    +               shift and go to state 8
    -               shift and go to state 9
    *               shift and go to state 10
    /               shift and go to state 11
    GT              shift and go to state 12
    LT              shift and go to state 13
    GTE             shift and go to state 14
    LTE             shift and go to state 15
    EQ              shift and go to state 16
    NEQ             shift and go to state 17
    &               shift and go to state 18
    |               shift and go to state 19


state 24

    (3) expression -> expression + expression .
    (3) expression -> expression . + expression
    (4) expression -> expression . - expression
    (5) expression -> expression . * expression
    (6) expression -> expression . / expression
    (7) expression -> expression . GT expression
    (8) expression -> expression . LT expression
    (9) expression -> expression . GTE expression
    (10) expression -> expression . LTE expression
    (11) expression -> expression . EQ expression
    (12) expression -> expression . NEQ expression
    (13) expression -> expression . & expression
    (14) expression -> expression . | expression

    +               reduce using rule 3 (expression -> expression + expression .)
    -               reduce using rule 3 (expression -> expression + expression .)
    *               reduce using rule 3 (expression -> expression + expression .)
    /               reduce using rule 3 (expression -> expression + expression .)
    GT              reduce using rule 3 (expression -> expression + expression .)
    LT              reduce using rule 3 (expression -> expression + expression .)
    GTE             reduce using rule 3 (expression -> expression + expression .)
    LTE             reduce using rule 3 (expression -> expression + expression .)
    EQ              reduce using rule 3 (expression -> expression + expression .)
    NEQ             reduce using rule 3 (expression -> expression + expression .)
    &               reduce using rule 3 (expression -> expression + expression .)
    |               reduce using rule 3 (expression -> expression + expression .)
    $end            reduce using rule 3 (expression -> expression + expression .)
    )               reduce using rule 3 (expression -> expression + expression .)

  ! +               [ shift and go to state 8 ]
  ! -               [ shift and go to state 9 ]
  ! *               [ shift and go to state 10 ]
  ! /               [ shift and go to state 11 ]
  ! GT              [ shift and go to state 12 ]
  ! LT              [ shift and go to state 13 ]
  ! GTE             [ shift and go to state 14 ]
  ! LTE             [ shift and go to state 15 ]
  ! EQ              [ shift and go to state 16 ]
  ! NEQ             [ shift and go to state 17 ]
  ! &               [ shift and go to state 18 ]
  ! |               [ shift and go to state 19 ]


state 25

    (4) expression -> expression - expression .
    (3) expression -> expression . + expression
    (4) expression -> expression . - expression
    (5) expression -> expression . * expression
    (6) expression -> expression . / expression
    (7) expression -> expression . GT expression
    (8) expression -> expression . LT expression
    (9) expression -> expression . GTE expression
    (10) expression -> expression . LTE expression
    (11) expression -> expression . EQ expression
    (12) expression -> expression . NEQ expression
    (13) expression -> expression . & expression
    (14) expression -> expression . | expression

    +               reduce using rule 4 (expression -> expression - expression .)
    -               reduce using rule 4 (expression -> expression - expression .)
    *               reduce using rule 4 (expression -> expression - expression .)
    /               reduce using rule 4 (expression -> expression - expression .)
    GT              reduce using rule 4 (expression -> expression - expression .)
    LT              reduce using rule 4 (expression -> expression - expression .)
    GTE             reduce using rule 4 (expression -> expression - expression .)
    LTE             reduce using rule 4 (expression -> expression - expression .)
    EQ              reduce using rule 4 (expression -> expression - expression .)
    NEQ             reduce using rule 4 (expression -> expression - expression .)
    &               reduce using rule 4 (expression -> expression - expression .)
    |               reduce using rule 4 (expression -> expression - expression .)
    $end            reduce using rule 4 (expression -> expression - expression .)
    )               reduce using rule 4 (expression -> expression - expression .)

  ! +               [ shift and go to state 8 ]
  ! -               [ shift and go to state 9 ]
  ! *               [ shift and go to state 10 ]
  ! /               [ shift and go to state 11 ]
  ! GT              [ shift and go to state 12 ]
  ! LT              [ shift and go to state 13 ]
  ! GTE             [ shift and go to state 14 ]
  ! LTE             [ shift and go to state 15 ]
  ! EQ              [ shift and go to state 16 ]
  ! NEQ             [ shift and go to state 17 ]
  ! &               [ shift and go to state 18 ]
  ! |               [ shift and go to state 19 ]


state 26

    (5) expression -> expression * expression .
    (3) expression -> expression . + expression
    (4) expression -> expression . - expression
    (5) expression -> expression . * expression
    (6) expression -> expression . / expression
    (7) expression -> expression . GT expression
    (8) expression -> expression . LT expression
    (9) expression -> expression . GTE expression
    (10) expression -> expression . LTE expression
    (11) expression -> expression . EQ expression
    (12) expression -> expression . NEQ expression
    (13) expression -> expression . & expression
    (14) expression -> expression . | expression

    *               reduce using rule 5 (expression -> expression * expression .)
    /               reduce using rule 5 (expression -> expression * expression .)
    GT              reduce using rule 5 (expression -> expression * expression .)
    LT              reduce using rule 5 (expression -> expression * expression .)
    GTE             reduce using rule 5 (expression -> expression * expression .)
    LTE             reduce using rule 5 (expression -> expression * expression .)
    EQ              reduce using rule 5 (expression -> expression * expression .)
    NEQ             reduce using rule 5 (expression -> expression * expression .)
    &               reduce using rule 5 (expression -> expression * expression .)
    |               reduce using rule 5 (expression -> expression * expression .)
    $end            reduce using rule 5 (expression -> expression * expression .)
    )               reduce using rule 5 (expression -> expression * expression .)
    +               shift and go to state 8
    -               shift and go to state 9

  ! +               [ reduce using rule 5 (expression -> expression * expression .) ]
  ! -               [ reduce using rule 5 (expression -> expression * expression .) ]
  ! *               [ shift and go to state 10 ]
  ! /               [ shift and go to state 11 ]
  ! GT              [ shift and go to state 12 ]
  ! LT              [ shift and go to state 13 ]
  ! GTE             [ shift and go to state 14 ]
  ! LTE             [ shift and go to state 15 ]
  ! EQ              [ shift and go to state 16 ]
  ! NEQ             [ shift and go to state 17 ]
  ! &               [ shift and go to state 18 ]
  ! |               [ shift and go to state 19 ]


state 27

    (6) expression -> expression / expression .
    (3) expression -> expression . + expression
    (4) expression -> expression . - expression
    (5) expression -> expression . * expression
    (6) expression -> expression . / expression
    (7) expression -> expression . GT expression
    (8) expression -> expression . LT expression
    (9) expression -> expression . GTE expression
    (10) expression -> expression . LTE expression
    (11) expression -> expression . EQ expression
    (12) expression -> expression . NEQ expression
    (13) expression -> expression . & expression
    (14) expression -> expression . | expression

    *               reduce using rule 6 (expression -> expression / expression .)
    /               reduce using rule 6 (expression -> expression / expression .)
    GT              reduce using rule 6 (expression -> expression / expression .)
    LT              reduce using rule 6 (expression -> expression / expression .)
    GTE             reduce using rule 6 (expression -> expression / expression .)
    LTE             reduce using rule 6 (expression -> expression / expression .)
    EQ              reduce using rule 6 (expression -> expression / expression .)
    NEQ             reduce using rule 6 (expression -> expression / expression .)
    &               reduce using rule 6 (expression -> expression / expression .)
    |               reduce using rule 6 (expression -> expression / expression .)
    $end            reduce using rule 6 (expression -> expression / expression .)
    )               reduce using rule 6 (expression -> expression / expression .)
    +               shift and go to state 8
    -               shift and go to state 9

  ! +               [ reduce using rule 6 (expression -> expression / expression .) ]
  ! -               [ reduce using rule 6 (expression -> expression / expression .) ]
  ! *               [ shift and go to state 10 ]
  ! /               [ shift and go to state 11 ]
  ! GT              [ shift and go to state 12 ]
  ! LT              [ shift and go to state 13 ]
  ! GTE             [ shift and go to state 14 ]
  ! LTE             [ shift and go to state 15 ]
  ! EQ              [ shift and go to state 16 ]
  ! NEQ             [ shift and go to state 17 ]
  ! &               [ shift and go to state 18 ]
  ! |               [ shift and go to state 19 ]


state 28

    (7) expression -> expression GT expression .
    (3) expression -> expression . + expression
    (4) expression -> expression . - expression
    (5) expression -> expression . * expression
    (6) expression -> expression . / expression
    (7) expression -> expression . GT expression
    (8) expression -> expression . LT expression
    (9) expression -> expression . GTE expression
    (10) expression -> expression . LTE expression
    (11) expression -> expression . EQ expression
    (12) expression -> expression . NEQ expression
    (13) expression -> expression . & expression
    (14) expression -> expression . | expression

  ! shift/reduce conflict for + resolved as shift
  ! shift/reduce conflict for - resolved as shift
  ! shift/reduce conflict for * resolved as shift
  ! shift/reduce conflict for / resolved as shift
  ! shift/reduce conflict for GT resolved as shift
  ! shift/reduce conflict for LT resolved as shift
  ! shift/reduce conflict for GTE resolved as shift
  ! shift/reduce conflict for LTE resolved as shift
  ! shift/reduce conflict for EQ resolved as shift
  ! shift/reduce conflict for NEQ resolved as shift
  ! shift/reduce conflict for & resolved as shift
  ! shift/reduce conflict for | resolved as shift
    $end            reduce using rule 7 (expression -> expression GT expression .)
    )               reduce using rule 7 (expression -> expression GT expression .)
    +               shift and go to state 8
    -               shift and go to state 9
    *               shift and go to state 10
    /               shift and go to state 11
    GT              shift and go to state 12
    LT              shift and go to state 13
    GTE             shift and go to state 14
    LTE             shift and go to state 15
    EQ              shift and go to state 16
    NEQ             shift and go to state 17
    &               shift and go to state 18
    |               shift and go to state 19

  ! +               [ reduce using rule 7 (expression -> expression GT expression .) ]
  ! -               [ reduce using rule 7 (expression -> expression GT expression .) ]
  ! *               [ reduce using rule 7 (expression -> expression GT expression .) ]
  ! /               [ reduce using rule 7 (expression -> expression GT expression .) ]
  ! GT              [ reduce using rule 7 (expression -> expression GT expression .) ]
  ! LT              [ reduce using rule 7 (expression -> expression GT expression .) ]
  ! GTE             [ reduce using rule 7 (expression -> expression GT expression .) ]
  ! LTE             [ reduce using rule 7 (expression -> expression GT expression .) ]
  ! EQ              [ reduce using rule 7 (expression -> expression GT expression .) ]
  ! NEQ             [ reduce using rule 7 (expression -> expression GT expression .) ]
  ! &               [ reduce using rule 7 (expression -> expression GT expression .) ]
  ! |               [ reduce using rule 7 (expression -> expression GT expression .) ]


state 29

    (8) expression -> expression LT expression .
    (3) expression -> expression . + expression
    (4) expression -> expression . - expression
    (5) expression -> expression . * expression
    (6) expression -> expression . / expression
    (7) expression -> expression . GT expression
    (8) expression -> expression . LT expression
    (9) expression -> expression . GTE expression
    (10) expression -> expression . LTE expression
    (11) expression -> expression . EQ expression
    (12) expression -> expression . NEQ expression
    (13) expression -> expression . & expression
    (14) expression -> expression . | expression

  ! shift/reduce conflict for + resolved as shift
  ! shift/reduce conflict for - resolved as shift
  ! shift/reduce conflict for * resolved as shift
  ! shift/reduce conflict for / resolved as shift
  ! shift/reduce conflict for GT resolved as shift
  ! shift/reduce conflict for LT resolved as shift
  ! shift/reduce conflict for GTE resolved as shift
  ! shift/reduce conflict for LTE resolved as shift
  ! shift/reduce conflict for EQ resolved as shift
  ! shift/reduce conflict for NEQ resolved as shift
  ! shift/reduce conflict for & resolved as shift
  ! shift/reduce conflict for | resolved as shift
    $end            reduce using rule 8 (expression -> expression LT expression .)
    )               reduce using rule 8 (expression -> expression LT expression .)
    +               shift and go to state 8
    -               shift and go to state 9
    *               shift and go to state 10
    /               shift and go to state 11
    GT              shift and go to state 12
    LT              shift and go to state 13
    GTE             shift and go to state 14
    LTE             shift and go to state 15
    EQ              shift and go to state 16
    NEQ             shift and go to state 17
    &               shift and go to state 18
    |               shift and go to state 19

  ! +               [ reduce using rule 8 (expression -> expression LT expression .) ]
  ! -               [ reduce using rule 8 (expression -> expression LT expression .) ]
  ! *               [ reduce using rule 8 (expression -> expression LT expression .) ]
  ! /               [ reduce using rule 8 (expression -> expression LT expression .) ]
  ! GT              [ reduce using rule 8 (expression -> expression LT expression .) ]
  ! LT              [ reduce using rule 8 (expression -> expression LT expression .) ]
  ! GTE             [ reduce using rule 8 (expression -> expression LT expression .) ]
  ! LTE             [ reduce using rule 8 (expression -> expression LT expression .) ]
  ! EQ              [ reduce using rule 8 (expression -> expression LT expression .) ]
  ! NEQ             [ reduce using rule 8 (expression -> expression LT expression .) ]
  ! &               [ reduce using rule 8 (expression -> expression LT expression .) ]
  ! |               [ reduce using rule 8 (expression -> expression LT expression .) ]


state 30

    (9) expression -> expression GTE expression .
    (3) expression -> expression . + expression
    (4) expression -> expression . - expression
    (5) expression -> expression . * expression
    (6) expression -> expression . / expression
    (7) expression -> expression . GT expression
    (8) expression -> expression . LT expression
    (9) expression -> expression . GTE expression
    (10) expression -> expression . LTE expression
    (11) expression -> expression . EQ expression
    (12) expression -> expression . NEQ expression
    (13) expression -> expression . & expression
    (14) expression -> expression . | expression

  ! shift/reduce conflict for + resolved as shift
  ! shift/reduce conflict for - resolved as shift
  ! shift/reduce conflict for * resolved as shift
  ! shift/reduce conflict for / resolved as shift
  ! shift/reduce conflict for GT resolved as shift
  ! shift/reduce conflict for LT resolved as shift
  ! shift/reduce conflict for GTE resolved as shift
  ! shift/reduce conflict for LTE resolved as shift
  ! shift/reduce conflict for EQ resolved as shift
  ! shift/reduce conflict for NEQ resolved as shift
  ! shift/reduce conflict for & resolved as shift
  ! shift/reduce conflict for | resolved as shift
    $end            reduce using rule 9 (expression -> expression GTE expression .)
    )               reduce using rule 9 (expression -> expression GTE expression .)
    +               shift and go to state 8
    -               shift and go to state 9
    *               shift and go to state 10
    /               shift and go to state 11
    GT              shift and go to state 12
    LT              shift and go to state 13
    GTE             shift and go to state 14
    LTE             shift and go to state 15
    EQ              shift and go to state 16
    NEQ             shift and go to state 17
    &               shift and go to state 18
    |               shift and go to state 19

  ! +               [ reduce using rule 9 (expression -> expression GTE expression .) ]
  ! -               [ reduce using rule 9 (expression -> expression GTE expression .) ]
  ! *               [ reduce using rule 9 (expression -> expression GTE expression .) ]
  ! /               [ reduce using rule 9 (expression -> expression GTE expression .) ]
  ! GT              [ reduce using rule 9 (expression -> expression GTE expression .) ]
  ! LT              [ reduce using rule 9 (expression -> expression GTE expression .) ]
  ! GTE             [ reduce using rule 9 (expression -> expression GTE expression .) ]
  ! LTE             [ reduce using rule 9 (expression -> expression GTE expression .) ]
  ! EQ              [ reduce using rule 9 (expression -> expression GTE expression .) ]
  ! NEQ             [ reduce using rule 9 (expression -> expression GTE expression .) ]
  ! &               [ reduce using rule 9 (expression -> expression GTE expression .) ]
  ! |               [ reduce using rule 9 (expression -> expression GTE expression .) ]


state 31

    (10) expression -> expression LTE expression .
    (3) expression -> expression . + expression
    (4) expression -> expression . - expression
    (5) expression -> expression . * expression
    (6) expression -> expression . / expression
    (7) expression -> expression . GT expression
    (8) expression -> expression . LT expression
    (9) expression -> expression . GTE expression
    (10) expression -> expression . LTE expression
    (11) expression -> expression . EQ expression
    (12) expression -> expression . NEQ expression
    (13) expression -> expression . & expression
    (14) expression -> expression . | expression

  ! shift/reduce conflict for + resolved as shift
  ! shift/reduce conflict for - resolved as shift
  ! shift/reduce conflict for * resolved as shift
  ! shift/reduce conflict for / resolved as shift
  ! shift/reduce conflict for GT resolved as shift
  ! shift/reduce conflict for LT resolved as shift
  ! shift/reduce conflict for GTE resolved as shift
  ! shift/reduce conflict for LTE resolved as shift
  ! shift/reduce conflict for EQ resolved as shift
  ! shift/reduce conflict for NEQ resolved as shift
  ! shift/reduce conflict for & resolved as shift
  ! shift/reduce conflict for | resolved as shift
    $end            reduce using rule 10 (expression -> expression LTE expression .)
    )               reduce using rule 10 (expression -> expression LTE expression .)
    +               shift and go to state 8
    -               shift and go to state 9
    *               shift and go to state 10
    /               shift and go to state 11
    GT              shift and go to state 12
    LT              shift and go to state 13
    GTE             shift and go to state 14
    LTE             shift and go to state 15
    EQ              shift and go to state 16
    NEQ             shift and go to state 17
    &               shift and go to state 18
    |               shift and go to state 19

  ! +               [ reduce using rule 10 (expression -> expression LTE expression .) ]
  ! -               [ reduce using rule 10 (expression -> expression LTE expression .) ]
  ! *               [ reduce using rule 10 (expression -> expression LTE expression .) ]
  ! /               [ reduce using rule 10 (expression -> expression LTE expression .) ]
  ! GT              [ reduce using rule 10 (expression -> expression LTE expression .) ]
  ! LT              [ reduce using rule 10 (expression -> expression LTE expression .) ]
  ! GTE             [ reduce using rule 10 (expression -> expression LTE expression .) ]
  ! LTE             [ reduce using rule 10 (expression -> expression LTE expression .) ]
  ! EQ              [ reduce using rule 10 (expression -> expression LTE expression .) ]
  ! NEQ             [ reduce using rule 10 (expression -> expression LTE expression .) ]
  ! &               [ reduce using rule 10 (expression -> expression LTE expression .) ]
  ! |               [ reduce using rule 10 (expression -> expression LTE expression .) ]


state 32

    (11) expression -> expression EQ expression .
    (3) expression -> expression . + expression
    (4) expression -> expression . - expression
    (5) expression -> expression . * expression
    (6) expression -> expression . / expression
    (7) expression -> expression . GT expression
    (8) expression -> expression . LT expression
    (9) expression -> expression . GTE expression
    (10) expression -> expression . LTE expression
    (11) expression -> expression . EQ expression
    (12) expression -> expression . NEQ expression
    (13) expression -> expression . & expression
    (14) expression -> expression . | expression

  ! shift/reduce conflict for + resolved as shift
  ! shift/reduce conflict for - resolved as shift
  ! shift/reduce conflict for * resolved as shift
  ! shift/reduce conflict for / resolved as shift
  ! shift/reduce conflict for GT resolved as shift
  ! shift/reduce conflict for LT resolved as shift
  ! shift/reduce conflict for GTE resolved as shift
  ! shift/reduce conflict for LTE resolved as shift
  ! shift/reduce conflict for EQ resolved as shift
  ! shift/reduce conflict for NEQ resolved as shift
  ! shift/reduce conflict for & resolved as shift
  ! shift/reduce conflict for | resolved as shift
    $end            reduce using rule 11 (expression -> expression EQ expression .)
    )               reduce using rule 11 (expression -> expression EQ expression .)
    +               shift and go to state 8
    -               shift and go to state 9
    *               shift and go to state 10
    /               shift and go to state 11
    GT              shift and go to state 12
    LT              shift and go to state 13
    GTE             shift and go to state 14
    LTE             shift and go to state 15
    EQ              shift and go to state 16
    NEQ             shift and go to state 17
    &               shift and go to state 18
    |               shift and go to state 19

  ! +               [ reduce using rule 11 (expression -> expression EQ expression .) ]
  ! -               [ reduce using rule 11 (expression -> expression EQ expression .) ]
  ! *               [ reduce using rule 11 (expression -> expression EQ expression .) ]
  ! /               [ reduce using rule 11 (expression -> expression EQ expression .) ]
  ! GT              [ reduce using rule 11 (expression -> expression EQ expression .) ]
  ! LT              [ reduce using rule 11 (expression -> expression EQ expression .) ]
  ! GTE             [ reduce using rule 11 (expression -> expression EQ expression .) ]
  ! LTE             [ reduce using rule 11 (expression -> expression EQ expression .) ]
  ! EQ              [ reduce using rule 11 (expression -> expression EQ expression .) ]
  ! NEQ             [ reduce using rule 11 (expression -> expression EQ expression .) ]
  ! &               [ reduce using rule 11 (expression -> expression EQ expression .) ]
  ! |               [ reduce using rule 11 (expression -> expression EQ expression .) ]


state 33

    (12) expression -> expression NEQ expression .
    (3) expression -> expression . + expression
    (4) expression -> expression . - expression
    (5) expression -> expression . * expression
    (6) expression -> expression . / expression
    (7) expression -> expression . GT expression
    (8) expression -> expression . LT expression
    (9) expression -> expression . GTE expression
    (10) expression -> expression . LTE expression
    (11) expression -> expression . EQ expression
    (12) expression -> expression . NEQ expression
    (13) expression -> expression . & expression
    (14) expression -> expression . | expression

  ! shift/reduce conflict for + resolved as shift
  ! shift/reduce conflict for - resolved as shift
  ! shift/reduce conflict for * resolved as shift
  ! shift/reduce conflict for / resolved as shift
  ! shift/reduce conflict for GT resolved as shift
  ! shift/reduce conflict for LT resolved as shift
  ! shift/reduce conflict for GTE resolved as shift
  ! shift/reduce conflict for LTE resolved as shift
  ! shift/reduce conflict for EQ resolved as shift
  ! shift/reduce conflict for NEQ resolved as shift
  ! shift/reduce conflict for & resolved as shift
  ! shift/reduce conflict for | resolved as shift
    $end            reduce using rule 12 (expression -> expression NEQ expression .)
    )               reduce using rule 12 (expression -> expression NEQ expression .)
    +               shift and go to state 8
    -               shift and go to state 9
    *               shift and go to state 10
    /               shift and go to state 11
    GT              shift and go to state 12
    LT              shift and go to state 13
    GTE             shift and go to state 14
    LTE             shift and go to state 15
    EQ              shift and go to state 16
    NEQ             shift and go to state 17
    &               shift and go to state 18
    |               shift and go to state 19

  ! +               [ reduce using rule 12 (expression -> expression NEQ expression .) ]
  ! -               [ reduce using rule 12 (expression -> expression NEQ expression .) ]
  ! *               [ reduce using rule 12 (expression -> expression NEQ expression .) ]
  ! /               [ reduce using rule 12 (expression -> expression NEQ expression .) ]
  ! GT              [ reduce using rule 12 (expression -> expression NEQ expression .) ]
  ! LT              [ reduce using rule 12 (expression -> expression NEQ expression .) ]
  ! GTE             [ reduce using rule 12 (expression -> expression NEQ expression .) ]
  ! LTE             [ reduce using rule 12 (expression -> expression NEQ expression .) ]
  ! EQ              [ reduce using rule 12 (expression -> expression NEQ expression .) ]
  ! NEQ             [ reduce using rule 12 (expression -> expression NEQ expression .) ]
  ! &               [ reduce using rule 12 (expression -> expression NEQ expression .) ]
  ! |               [ reduce using rule 12 (expression -> expression NEQ expression .) ]


state 34

    (13) expression -> expression & expression .
    (3) expression -> expression . + expression
    (4) expression -> expression . - expression
    (5) expression -> expression . * expression
    (6) expression -> expression . / expression
    (7) expression -> expression . GT expression
    (8) expression -> expression . LT expression
    (9) expression -> expression . GTE expression
    (10) expression -> expression . LTE expression
    (11) expression -> expression . EQ expression
    (12) expression -> expression . NEQ expression
    (13) expression -> expression . & expression
    (14) expression -> expression . | expression

  ! shift/reduce conflict for + resolved as shift
  ! shift/reduce conflict for - resolved as shift
  ! shift/reduce conflict for * resolved as shift
  ! shift/reduce conflict for / resolved as shift
  ! shift/reduce conflict for GT resolved as shift
  ! shift/reduce conflict for LT resolved as shift
  ! shift/reduce conflict for GTE resolved as shift
  ! shift/reduce conflict for LTE resolved as shift
  ! shift/reduce conflict for EQ resolved as shift
  ! shift/reduce conflict for NEQ resolved as shift
  ! shift/reduce conflict for & resolved as shift
  ! shift/reduce conflict for | resolved as shift
    $end            reduce using rule 13 (expression -> expression & expression .)
    )               reduce using rule 13 (expression -> expression & expression .)
    +               shift and go to state 8
    -               shift and go to state 9
    *               shift and go to state 10
    /               shift and go to state 11
    GT              shift and go to state 12
    LT              shift and go to state 13
    GTE             shift and go to state 14
    LTE             shift and go to state 15
    EQ              shift and go to state 16
    NEQ             shift and go to state 17
    &               shift and go to state 18
    |               shift and go to state 19

  ! +               [ reduce using rule 13 (expression -> expression & expression .) ]
  ! -               [ reduce using rule 13 (expression -> expression & expression .) ]
  ! *               [ reduce using rule 13 (expression -> expression & expression .) ]
  ! /               [ reduce using rule 13 (expression -> expression & expression .) ]
  ! GT              [ reduce using rule 13 (expression -> expression & expression .) ]
  ! LT              [ reduce using rule 13 (expression -> expression & expression .) ]
  ! GTE             [ reduce using rule 13 (expression -> expression & expression .) ]
  ! LTE             [ reduce using rule 13 (expression -> expression & expression .) ]
  ! EQ              [ reduce using rule 13 (expression -> expression & expression .) ]
  ! NEQ             [ reduce using rule 13 (expression -> expression & expression .) ]
  ! &               [ reduce using rule 13 (expression -> expression & expression .) ]
  ! |               [ reduce using rule 13 (expression -> expression & expression .) ]


state 35

    (14) expression -> expression | expression .
    (3) expression -> expression . + expression
    (4) expression -> expression . - expression
    (5) expression -> expression . * expression
    (6) expression -> expression . / expression
    (7) expression -> expression . GT expression
    (8) expression -> expression . LT expression
    (9) expression -> expression . GTE expression
    (10) expression -> expression . LTE expression
    (11) expression -> expression . EQ expression
    (12) expression -> expression . NEQ expression
    (13) expression -> expression . & expression
    (14) expression -> expression . | expression

  ! shift/reduce conflict for + resolved as shift
  ! shift/reduce conflict for - resolved as shift
  ! shift/reduce conflict for * resolved as shift
  ! shift/reduce conflict for / resolved as shift
  ! shift/reduce conflict for GT resolved as shift
  ! shift/reduce conflict for LT resolved as shift
  ! shift/reduce conflict for GTE resolved as shift
  ! shift/reduce conflict for LTE resolved as shift
  ! shift/reduce conflict for EQ resolved as shift
  ! shift/reduce conflict for NEQ resolved as shift
  ! shift/reduce conflict for & resolved as shift
  ! shift/reduce conflict for | resolved as shift
    $end            reduce using rule 14 (expression -> expression | expression .)
    )               reduce using rule 14 (expression -> expression | expression .)
    +               shift and go to state 8
    -               shift and go to state 9
    *               shift and go to state 10
    /               shift and go to state 11
    GT              shift and go to state 12
    LT              shift and go to state 13
    GTE             shift and go to state 14
    LTE             shift and go to state 15
    EQ              shift and go to state 16
    NEQ             shift and go to state 17
    &               shift and go to state 18
    |               shift and go to state 19

  ! +               [ reduce using rule 14 (expression -> expression | expression .) ]
  ! -               [ reduce using rule 14 (expression -> expression | expression .) ]
  ! *               [ reduce using rule 14 (expression -> expression | expression .) ]
  ! /               [ reduce using rule 14 (expression -> expression | expression .) ]
  ! GT              [ reduce using rule 14 (expression -> expression | expression .) ]
  ! LT              [ reduce using rule 14 (expression -> expression | expression .) ]
  ! GTE             [ reduce using rule 14 (expression -> expression | expression .) ]
  ! LTE             [ reduce using rule 14 (expression -> expression | expression .) ]
  ! EQ              [ reduce using rule 14 (expression -> expression | expression .) ]
  ! NEQ             [ reduce using rule 14 (expression -> expression | expression .) ]
  ! &               [ reduce using rule 14 (expression -> expression | expression .) ]
  ! |               [ reduce using rule 14 (expression -> expression | expression .) ]


state 36

    (16) expression -> ( expression ) .

    +               reduce using rule 16 (expression -> ( expression ) .)
    -               reduce using rule 16 (expression -> ( expression ) .)
    *               reduce using rule 16 (expression -> ( expression ) .)
    /               reduce using rule 16 (expression -> ( expression ) .)
    GT              reduce using rule 16 (expression -> ( expression ) .)
    LT              reduce using rule 16 (expression -> ( expression ) .)
    GTE             reduce using rule 16 (expression -> ( expression ) .)
    LTE             reduce using rule 16 (expression -> ( expression ) .)
    EQ              reduce using rule 16 (expression -> ( expression ) .)
    NEQ             reduce using rule 16 (expression -> ( expression ) .)
    &               reduce using rule 16 (expression -> ( expression ) .)
    |               reduce using rule 16 (expression -> ( expression ) .)
    $end            reduce using rule 16 (expression -> ( expression ) .)
    )               reduce using rule 16 (expression -> ( expression ) .)

WARNING: 
WARNING: Conflicts:
WARNING: 
WARNING: shift/reduce conflict for + in state 28 resolved as shift
WARNING: shift/reduce conflict for - in state 28 resolved as shift
WARNING: shift/reduce conflict for * in state 28 resolved as shift
WARNING: shift/reduce conflict for / in state 28 resolved as shift
WARNING: shift/reduce conflict for GT in state 28 resolved as shift
WARNING: shift/reduce conflict for LT in state 28 resolved as shift
WARNING: shift/reduce conflict for GTE in state 28 resolved as shift
WARNING: shift/reduce conflict for LTE in state 28 resolved as shift
WARNING: shift/reduce conflict for EQ in state 28 resolved as shift
WARNING: shift/reduce conflict for NEQ in state 28 resolved as shift
WARNING: shift/reduce conflict for & in state 28 resolved as shift
WARNING: shift/reduce conflict for | in state 28 resolved as shift
WARNING: shift/reduce conflict for + in state 29 resolved as shift
WARNING: shift/reduce conflict for - in state 29 resolved as shift
WARNING: shift/reduce conflict for * in state 29 resolved as shift
WARNING: shift/reduce conflict for / in state 29 resolved as shift
WARNING: shift/reduce conflict for GT in state 29 resolved as shift
WARNING: shift/reduce conflict for LT in state 29 resolved as shift
WARNING: shift/reduce conflict for GTE in state 29 resolved as shift
WARNING: shift/reduce conflict for LTE in state 29 resolved as shift
WARNING: shift/reduce conflict for EQ in state 29 resolved as shift
WARNING: shift/reduce conflict for NEQ in state 29 resolved as shift
WARNING: shift/reduce conflict for & in state 29 resolved as shift
WARNING: shift/reduce conflict for | in state 29 resolved as shift
WARNING: shift/reduce conflict for + in state 30 resolved as shift
WARNING: shift/reduce conflict for - in state 30 resolved as shift
WARNING: shift/reduce conflict for * in state 30 resolved as shift
WARNING: shift/reduce conflict for / in state 30 resolved as shift
WARNING: shift/reduce conflict for GT in state 30 resolved as shift
WARNING: shift/reduce conflict for LT in state 30 resolved as shift
WARNING: shift/reduce conflict for GTE in state 30 resolved as shift
WARNING: shift/reduce conflict for LTE in state 30 resolved as shift
WARNING: shift/reduce conflict for EQ in state 30 resolved as shift
WARNING: shift/reduce conflict for NEQ in state 30 resolved as shift
WARNING: shift/reduce conflict for & in state 30 resolved as shift
WARNING: shift/reduce conflict for | in state 30 resolved as shift
WARNING: shift/reduce conflict for + in state 31 resolved as shift
WARNING: shift/reduce conflict for - in state 31 resolved as shift
WARNING: shift/reduce conflict for * in state 31 resolved as shift
WARNING: shift/reduce conflict for / in state 31 resolved as shift
WARNING: shift/reduce conflict for GT in state 31 resolved as shift
WARNING: shift/reduce conflict for LT in state 31 resolved as shift
WARNING: shift/reduce conflict for GTE in state 31 resolved as shift
WARNING: shift/reduce conflict for LTE in state 31 resolved as shift
WARNING: shift/reduce conflict for EQ in state 31 resolved as shift
WARNING: shift/reduce conflict for NEQ in state 31 resolved as shift
WARNING: shift/reduce conflict for & in state 31 resolved as shift
WARNING: shift/reduce conflict for | in state 31 resolved as shift
WARNING: shift/reduce conflict for + in state 32 resolved as shift
WARNING: shift/reduce conflict for - in state 32 resolved as shift
WARNING: shift/reduce conflict for * in state 32 resolved as shift
WARNING: shift/reduce conflict for / in state 32 resolved as shift
WARNING: shift/reduce conflict for GT in state 32 resolved as shift
WARNING: shift/reduce conflict for LT in state 32 resolved as shift
WARNING: shift/reduce conflict for GTE in state 32 resolved as shift
WARNING: shift/reduce conflict for LTE in state 32 resolved as shift
WARNING: shift/reduce conflict for EQ in state 32 resolved as shift
WARNING: shift/reduce conflict for NEQ in state 32 resolved as shift
WARNING: shift/reduce conflict for & in state 32 resolved as shift
WARNING: shift/reduce conflict for | in state 32 resolved as shift
WARNING: shift/reduce conflict for + in state 33 resolved as shift
WARNING: shift/reduce conflict for - in state 33 resolved as shift
WARNING: shift/reduce conflict for * in state 33 resolved as shift
WARNING: shift/reduce conflict for / in state 33 resolved as shift
WARNING: shift/reduce conflict for GT in state 33 resolved as shift
WARNING: shift/reduce conflict for LT in state 33 resolved as shift
WARNING: shift/reduce conflict for GTE in state 33 resolved as shift
WARNING: shift/reduce conflict for LTE in state 33 resolved as shift
WARNING: shift/reduce conflict for EQ in state 33 resolved as shift
WARNING: shift/reduce conflict for NEQ in state 33 resolved as shift
WARNING: shift/reduce conflict for & in state 33 resolved as shift
WARNING: shift/reduce conflict for | in state 33 resolved as shift
WARNING: shift/reduce conflict for + in state 34 resolved as shift
WARNING: shift/reduce conflict for - in state 34 resolved as shift
WARNING: shift/reduce conflict for * in state 34 resolved as shift
WARNING: shift/reduce conflict for / in state 34 resolved as shift
WARNING: shift/reduce conflict for GT in state 34 resolved as shift
WARNING: shift/reduce conflict for LT in state 34 resolved as shift
WARNING: shift/reduce conflict for GTE in state 34 resolved as shift
WARNING: shift/reduce conflict for LTE in state 34 resolved as shift
WARNING: shift/reduce conflict for EQ in state 34 resolved as shift
WARNING: shift/reduce conflict for NEQ in state 34 resolved as shift
WARNING: shift/reduce conflict for & in state 34 resolved as shift
WARNING: shift/reduce conflict for | in state 34 resolved as shift
WARNING: shift/reduce conflict for + in state 35 resolved as shift
WARNING: shift/reduce conflict for - in state 35 resolved as shift
WARNING: shift/reduce conflict for * in state 35 resolved as shift
WARNING: shift/reduce conflict for / in state 35 resolved as shift
WARNING: shift/reduce conflict for GT in state 35 resolved as shift
WARNING: shift/reduce conflict for LT in state 35 resolved as shift
WARNING: shift/reduce conflict for GTE in state 35 resolved as shift
WARNING: shift/reduce conflict for LTE in state 35 resolved as shift
WARNING: shift/reduce conflict for EQ in state 35 resolved as shift
WARNING: shift/reduce conflict for NEQ in state 35 resolved as shift
WARNING: shift/reduce conflict for & in state 35 resolved as shift
WARNING: shift/reduce conflict for | in state 35 resolved as shift
